        -:    0:Source:/mnt/c/Users/dandu/CLionProjects/StudyContractsApp/domain/Discipline.cpp
        -:    0:Graph:/mnt/c/Users/dandu/CLionProjects/StudyContractsApp/cmake-build-debug-coverage/CMakeFiles/StudyContractsApp.dir/domain/Discipline.cpp.gcno
        -:    0:Data:/mnt/c/Users/dandu/CLionProjects/StudyContractsApp/cmake-build-debug-coverage/CMakeFiles/StudyContractsApp.dir/domain/Discipline.cpp.gcda
        -:    0:Runs:1
        -:    1:#include "Discipline.h"
        -:    2:#include <cassert>
        -:    3:
function _Z8cmp_nameRK10DisciplineS1_ called 1 returned 100% blocks executed 80%
        1:    4:bool cmp_name(const Discipline& d1, const Discipline& d2) {
        1:    5:    return d1.get_name() < d2.get_name();
        1:    5-block  0
call    0 returned 1
call    1 returned 1
branch  2 taken 1 (fallthrough)
branch  3 taken 0 (throw)
        1:    5-block  1
call    4 returned 1
call    5 returned 1
call    6 returned 1
        1:    5-block  2
    $$$$$:    5-block  3
call    7 never executed
        -:    6:}
        -:    7:
function _Z11cmp_teacherRK10DisciplineS1_ called 1 returned 100% blocks executed 80%
        1:    8:bool cmp_teacher(const Discipline& d1, const Discipline& d2) {
        1:    9:    return d1.get_teacher() < d2.get_teacher();
        1:    9-block  0
call    0 returned 1
call    1 returned 1
branch  2 taken 1 (fallthrough)
branch  3 taken 0 (throw)
        1:    9-block  1
call    4 returned 1
call    5 returned 1
call    6 returned 1
        1:    9-block  2
    $$$$$:    9-block  3
call    7 never executed
        -:   10:}
        -:   11:
function _Z12domain_testsv called 1 returned 100% blocks executed 49%
        1:   12:void domain_tests() {
        3:   13:    Discipline d1{ "a", 2, "a", "a" };
        1:   13-block  0
call    0 returned 1
call    1 returned 1
branch  2 taken 1 (fallthrough)
branch  3 taken 0 (throw)
        1:   13-block  1
call    4 returned 1
call    5 returned 1
branch  6 taken 1 (fallthrough)
branch  7 taken 0 (throw)
        1:   13-block  2
call    8 returned 1
call    9 returned 1
branch 10 taken 1 (fallthrough)
branch 11 taken 0 (throw)
        1:   13-block  3
call   12 returned 1
call   13 returned 1
call   14 returned 1
call   15 returned 1
call   16 returned 1
call   17 returned 1
call   18 returned 1
    $$$$$:   13-block  4
    $$$$$:   13-block  5
    $$$$$:   13-block  6
    $$$$$:   13-block  7
    $$$$$:   13-block  8
    $$$$$:   13-block  9
call   19 never executed
        3:   14:    Discipline d2{ "b", 3, "b", "b" };
call    0 returned 1
call    1 returned 1
branch  2 taken 1 (fallthrough)
branch  3 taken 0 (throw)
        1:   14-block  0
call    4 returned 1
call    5 returned 1
branch  6 taken 1 (fallthrough)
branch  7 taken 0 (throw)
        1:   14-block  1
call    8 returned 1
call    9 returned 1
branch 10 taken 1 (fallthrough)
branch 11 taken 0 (throw)
        1:   14-block  2
call   12 returned 1
call   13 returned 1
call   14 returned 1
call   15 returned 1
call   16 returned 1
call   17 returned 1
        1:   14-block  3
call   18 returned 1
    $$$$$:   14-block  4
    $$$$$:   14-block  5
    $$$$$:   14-block  6
    $$$$$:   14-block  7
    $$$$$:   14-block  8
    $$$$$:   14-block  9
call   19 never executed
       1*:   15:    assert(cmp_name(d1, d2));
call    0 returned 1
branch  1 taken 1 (fallthrough)
branch  2 taken 0 (throw)
        1:   15-block  0
branch  3 taken 0 (fallthrough)
branch  4 taken 1
    %%%%%:   15-block  1
call    5 never executed
       1*:   16:    assert(cmp_teacher(d1, d2));
        1:   16-block  0
call    0 returned 1
branch  1 taken 1 (fallthrough)
branch  2 taken 0 (throw)
        1:   16-block  1
branch  3 taken 0 (fallthrough)
branch  4 taken 1
    %%%%%:   16-block  2
call    5 never executed
        1:   17:}
