        -:    0:Source:/mnt/c/Users/dandu/CLionProjects/StudyContractsApp/domain/Discipline.h
        -:    0:Graph:/mnt/c/Users/dandu/CLionProjects/StudyContractsApp/cmake-build-debug-coverage/CMakeFiles/StudyContractsApp.dir/domain/Discipline.cpp.gcno
        -:    0:Data:/mnt/c/Users/dandu/CLionProjects/StudyContractsApp/cmake-build-debug-coverage/CMakeFiles/StudyContractsApp.dir/domain/Discipline.cpp.gcda
        -:    0:Runs:1
        -:    1:#pragma once
        -:    2:#include <string>
        -:    3:#include <iostream>
        -:    4:#include <utility>
        -:    5:
        -:    6:using std::string;
        -:    7:using std::cout;
        -:    8:
        -:    9:class Discipline {
        -:   10:private:
        -:   11:    string name;
        -:   12:    int hours{};
        -:   13:    string type;
        -:   14:    string teacher;
        -:   15:public:
        -:   16:    //constructor:
function _ZN10DisciplineC2ENSt7__cxx1112basic_stringIcSt11char_traitsIcESaIcEEEiS5_S5_ called 35 returned 100% blocks executed 100%
       35:   17:    Discipline(string  name, const int hours, string  type, string  teacher) : name{std::move( name )}, hours{ hours }, type{std::move( type )}, teacher{std::move( teacher )}{}
       35:   17-block  0
call    0 returned 35
call    1 returned 35
call    2 returned 35
call    3 returned 35
call    4 returned 35
call    5 returned 35
        -:   18:    Discipline() = default;
        -:   19:    //getteri:
        -:   20:    int get_hours() const noexcept{
        -:   21:        return hours;
        -:   22:    }
function _ZNK10Discipline8get_nameB5cxx11Ev called 98 returned 100% blocks executed 100%
       98:   23:    string get_name() const {
       98:   24:        return name;
       98:   24-block  0
call    0 returned 98
        -:   25:    }
        -:   26:    string get_type() const {
        -:   27:        return type;
        -:   28:    }
function _ZNK10Discipline11get_teacherB5cxx11Ev called 28 returned 100% blocks executed 100%
       28:   29:    string get_teacher() const {
       28:   30:        return teacher;
       28:   30-block  0
call    0 returned 28
        -:   31:    }
        -:   32:};
        -:   33:
        -:   34://name compare: True- <    False- >
        -:   35:bool cmp_name(const Discipline& d1, const Discipline& d2);
        -:   36:
        -:   37:
        -:   38://teacher compare: True- <    False- >
        -:   39:bool cmp_teacher(const Discipline& d1, const Discipline& d2);
        -:   40:
        -:   41:void domain_tests();
