        -:    0:Source:/mnt/c/Users/dandu/CLionProjects/StudyContractsApp/user_interface/Console.h
        -:    0:Graph:/mnt/c/Users/dandu/CLionProjects/StudyContractsApp/cmake-build-debug-coverage/CMakeFiles/StudyContractsApp.dir/main.cpp.gcno
        -:    0:Data:/mnt/c/Users/dandu/CLionProjects/StudyContractsApp/cmake-build-debug-coverage/CMakeFiles/StudyContractsApp.dir/main.cpp.gcda
        -:    0:Runs:1
        -:    1:#pragma once
        -:    2:
        -:    3:#include "../service/Service.h"
        -:    4:#include "../domain/Discipline.h"
        -:    5:
        -:    6:class Console {
        -:    7:    Service& srv;
        -:    8:
        -:    9:    void add_ui();
        -:   10:    void dlt_ui();
        -:   11:    void modify_ui();
        -:   12:    void find_uI();
        -:   13:
        -:   14:    void filter_hours_ui();
        -:   15:    void filter_techar_ui();
        -:   16:
        -:   17:    void sort_name_ui();
        -:   18:    void sort_hours_ui();
        -:   19:    void sort_teacher_type_ui();
        -:   20:
        -:   21:    void print_ui(const vector<Discipline>& disciplines);
        -:   22:    void add_10();
        -:   23:public:
function _ZN7ConsoleC2ER7Service called 1 returned 100% blocks executed 100%
        1:   24:    Console(Service& srv) noexcept : srv{ srv } {};
        -:   25:    //nu permitem copierea obiectelor
        -:   26:    Console(const Console& co) = delete;
        -:   27:
        -:   28:    void start();
        -:   29:};
