        -:    0:Source:/mnt/c/Users/dandu/CLionProjects/StudyContractsApp/repository/Repo.h
        -:    0:Graph:/mnt/c/Users/dandu/CLionProjects/StudyContractsApp/cmake-build-debug-coverage/CMakeFiles/StudyContractsApp.dir/repository/Repo.cpp.gcno
        -:    0:Data:/mnt/c/Users/dandu/CLionProjects/StudyContractsApp/cmake-build-debug-coverage/CMakeFiles/StudyContractsApp.dir/repository/Repo.cpp.gcda
        -:    0:Runs:1
        -:    1:#pragma once
        -:    2:#include "../domain/Discipline.h"
        -:    3:#include "VectorDinamicTemplate.h"
        -:    4:#include <string>
        -:    5:#include <vector>
        -:    6:#include "ostream"
        -:    7:
        -:    8:using std::vector;
        -:    9:using std::string;
        -:   10:using std::ostream;
        -:   11:
        -:   12:class Repo {
        -:   13:    //vector<Discipline> disciplines;
        -:   14:    vector<Discipline> disciplines;
        -:   15:    bool exist(const Discipline& d) const;
        -:   16:public:
function _ZN4RepoC2Ev called 0 returned 0% blocks executed 0%
    #####:   17:    Repo() = default;
    %%%%%:   17-block  0
call    0 never executed
        -:   18:    Repo(const Repo& r) = delete;
        -:   19:
        -:   20:    //append to the list;throw exception if discipline already exists
        -:   21:    void add(const Discipline& d);
        -:   22:
        -:   23:    //deletes the discipline from the list if it exists; throw exception if not
        -:   24:    void dlt(string name);
        -:   25:
        -:   26:    //
        -:   27:    void modify(const Discipline& d, string name);
        -:   28:
        -:   29:    //search a discipline and throw exception if the discipline doesn t exist
        -:   30:    const Discipline& find(string name) const;
        -:   31:
        -:   32:    //returns all disciplines
        -:   33:    const vector<Discipline>& get_all() const noexcept;
        -:   34:};
        -:   35:
        -:   36:class RepoException {
        -:   37:    string msg;
        -:   38:public:
function _ZN13RepoExceptionC2ENSt7__cxx1112basic_stringIcSt11char_traitsIcESaIcEEE called 31 returned 100% blocks executed 100%
       31:   39:    RepoException(string m) :msg{ m } {}
       31:   39-block  0
call    0 returned 31
        -:   40:    friend ostream& operator<<(ostream& out, const RepoException& ex);
        -:   41:};
        -:   42:
        -:   43:void repo_tests();
