        -:    0:Source:/mnt/c/Users/dandu/CLionProjects/StudyContractsApp/service/Service.cpp
        -:    0:Graph:/mnt/c/Users/dandu/CLionProjects/StudyContractsApp/cmake-build-debug-coverage/CMakeFiles/StudyContractsApp.dir/service/Service.cpp.gcno
        -:    0:Data:/mnt/c/Users/dandu/CLionProjects/StudyContractsApp/cmake-build-debug-coverage/CMakeFiles/StudyContractsApp.dir/service/Service.cpp.gcda
        -:    0:Runs:1
        -:    1:#include <assert.h>
        -:    2:#include <algorithm>
        -:    3:#include <random>
        -:    4:#include <chrono>
        -:    5:#include <sstream>
        -:    6:#include <iostream>
        -:    7:#include "Service.h"
        -:    8:
        -:    9:using std::ostream;
        -:   10:using std::stringstream;
        -:   11:
        -:   12://ADD DELETE FIND MODIFY
function _ZN7Service5add_sERKNSt7__cxx1112basic_stringIcSt11char_traitsIcESaIcEEEiS7_S7_ called 17 returned 94% blocks executed 70%
       17:   13:void Service::add_s(const string& name, int hours, const string& type, const string& teacher) {
       51:   14:    Discipline d{ name, hours, type, teacher };
       17:   14-block  0
call    0 returned 17
branch  1 taken 17 (fallthrough)
branch  2 taken 0 (throw)
       17:   14-block  1
call    3 returned 17
branch  4 taken 17 (fallthrough)
branch  5 taken 0 (throw)
       17:   14-block  2
call    6 returned 17
branch  7 taken 17 (fallthrough)
branch  8 taken 0 (throw)
       17:   14-block  3
call    9 returned 17
call   10 returned 17
call   11 returned 17
       16:   14-block  4
call   12 returned 16
    $$$$$:   14-block  5
    $$$$$:   14-block  6
        1:   14-block  7
call   13 returned 1
       17:   15:    val.validate(d);
call    0 returned 17
branch  1 taken 16 (fallthrough)
branch  2 taken 1 (throw)
       16:   16:    repo.add(d);
       16:   16-block  0
call    0 returned 16
branch  1 taken 16 (fallthrough)
branch  2 taken 0 (throw)
       16:   17:}
        -:   18:
function _ZN7Service5dlt_sENSt7__cxx1112basic_stringIcSt11char_traitsIcESaIcEEE called 2 returned 100% blocks executed 71%
        2:   19:void Service::dlt_s(string name) {
        2:   20:    repo.dlt(name);
        2:   20-block  0
call    0 returned 2
call    1 returned 2
branch  2 taken 2 (fallthrough)
branch  3 taken 0 (throw)
        2:   20-block  1
call    4 returned 2
    $$$$$:   20-block  2
call    5 never executed
        2:   21:}
        -:   22:
function _ZNK7Service6find_sENSt7__cxx1112basic_stringIcSt11char_traitsIcESaIcEEE called 4 returned 100% blocks executed 75%
        4:   23:const Discipline& Service::find_s(string name) const
        -:   24:{
        4:   25:    return repo.find(name);
        4:   25-block  0
call    0 returned 4
call    1 returned 4
branch  2 taken 4 (fallthrough)
branch  3 taken 0 (throw)
        4:   25-block  1
call    4 returned 4
        4:   25-block  2
    $$$$$:   25-block  3
call    5 never executed
        -:   26:}
        -:   27:
function _ZN7Service8modify_sERK10DisciplineNSt7__cxx1112basic_stringIcSt11char_traitsIcESaIcEEE called 1 returned 100% blocks executed 71%
        1:   28:void Service::modify_s(const Discipline& d, string name)
        -:   29:{
        1:   30:    repo.modify(d, name);
        1:   30-block  0
call    0 returned 1
call    1 returned 1
branch  2 taken 1 (fallthrough)
branch  3 taken 0 (throw)
        1:   30-block  1
call    4 returned 1
    $$$$$:   30-block  2
call    5 never executed
        1:   31:}
        -:   32:
        -:   33:
        -:   34:
        -:   35://FILTRARI
function _ZN7Service12filter_hoursERKi called 1 returned 100% blocks executed 93%
        1:   36:const vector<Discipline> Service::filter_hours(const int& hours) {
        1:   37:    vector<Discipline> rez;
        1:   37-block  0
call    0 returned 1
        1:   38:    const vector<Discipline>& dsp = repo.get_all();
call    0 returned 1
        5:   39:    for (int i = 0; i < dsp.size(); i++) {
        5:   39-block  0
call    0 returned 5
branch  1 taken 4 (fallthrough)
branch  2 taken 1
        4:   39-block  1
        4:   40:        if (dsp.at(i).get_hours() == hours) {
        4:   40-block  0
call    0 returned 4
branch  1 taken 4 (fallthrough)
branch  2 taken 0 (throw)
        4:   40-block  1
call    3 returned 4
branch  4 taken 2 (fallthrough)
branch  5 taken 2
        2:   41:            rez.push_back(dsp.at(i));
        2:   41-block  0
call    0 returned 2
branch  1 taken 2 (fallthrough)
branch  2 taken 0 (throw)
        2:   41-block  1
call    3 returned 2
branch  4 taken 2 (fallthrough)
branch  5 taken 0 (throw)
        -:   42:        }
        -:   43:    }
        1:   44:    return rez;
        1:   44-block  0
        1:   44-block  1
        -:   45:}
        -:   46:
function _ZN7Service14filter_teacherERKNSt7__cxx1112basic_stringIcSt11char_traitsIcESaIcEEE called 1 returned 100% blocks executed 94%
        1:   47:const vector<Discipline> Service::filter_teacher(const string& teacher) {
        1:   48:    vector<Discipline> rez;
        1:   48-block  0
call    0 returned 1
        1:   49:    const vector<Discipline>& dsp = repo.get_all();
call    0 returned 1
        5:   50:    for (int i = 0; i < dsp.size(); i++) {
        5:   50-block  0
call    0 returned 5
branch  1 taken 4 (fallthrough)
branch  2 taken 1
        4:   50-block  1
        4:   51:        if (dsp.at(i).get_teacher() == teacher) {
        4:   51-block  0
call    0 returned 4
branch  1 taken 4 (fallthrough)
branch  2 taken 0 (throw)
        4:   51-block  1
call    3 returned 4
branch  4 taken 4 (fallthrough)
branch  5 taken 0 (throw)
        4:   51-block  2
call    6 returned 4
call    7 returned 4
branch  8 taken 1 (fallthrough)
branch  9 taken 3
        1:   52:            rez.push_back(dsp.at(i));
        1:   52-block  0
call    0 returned 1
branch  1 taken 1 (fallthrough)
branch  2 taken 0 (throw)
        1:   52-block  1
call    3 returned 1
branch  4 taken 1 (fallthrough)
branch  5 taken 0 (throw)
        -:   53:        }
        -:   54:    }
        1:   55:    return rez;
        1:   55-block  0
        1:   55-block  1
        -:   56:}
        -:   57:
        -:   58:
        -:   59:
        -:   60://SORTARI
function _Z9sort_nameRK10DisciplineS1_ called 0 returned 0% blocks executed 0%
    #####:   61:int sort_name(const Discipline& d1, const Discipline& d2)
        -:   62:{
    #####:   63:    return d1.get_name().compare(d2.get_name());
    %%%%%:   63-block  0
call    0 never executed
call    1 never executed
branch  2 never executed
branch  3 never executed
    %%%%%:   63-block  1
call    4 never executed
branch  5 never executed
branch  6 never executed
    %%%%%:   63-block  2
    %%%%%:   63-block  3
call    7 never executed
call    8 never executed
    %%%%%:   63-block  4
    $$$$$:   63-block  5
call    9 never executed
    $$$$$:   63-block  6
    $$$$$:   63-block  7
call   10 never executed
        -:   64:}
function _Z10sort_hoursRK10DisciplineS1_ called 0 returned 0% blocks executed 0%
    #####:   65:int sort_hours(const Discipline& d1, const Discipline& d2)
        -:   66:{
    #####:   67:    return d1.get_hours() > d2.get_hours();
    %%%%%:   67-block  0
call    0 never executed
call    1 never executed
        -:   68:}
function _Z17sort_teacher_typeRK10DisciplineS1_ called 0 returned 0% blocks executed 0%
    #####:   69:int sort_teacher_type(const Discipline& d1, const Discipline& d2)
        -:   70:{
    #####:   71:    if (d1.get_teacher().compare(d2.get_teacher()) == 0) {
    %%%%%:   71-block  0
call    0 never executed
call    1 never executed
branch  2 never executed
branch  3 never executed
    %%%%%:   71-block  1
call    4 never executed
branch  5 never executed
branch  6 never executed
    %%%%%:   71-block  2
call    7 never executed
call    8 never executed
branch  9 never executed
branch 10 never executed
    $$$$$:   71-block  3
call   11 never executed
    $$$$$:   71-block  4
    $$$$$:   71-block  5
call   12 never executed
    $$$$$:   71-block  6
call   13 never executed
    #####:   72:        return (d1.get_type().compare(d2.get_type()));
    %%%%%:   72-block  0
call    0 never executed
call    1 never executed
branch  2 never executed
branch  3 never executed
    %%%%%:   72-block  1
call    4 never executed
branch  5 never executed
branch  6 never executed
    %%%%%:   72-block  2
    %%%%%:   72-block  3
call    7 never executed
call    8 never executed
    $$$$$:   72-block  4
call    9 never executed
    $$$$$:   72-block  5
    $$$$$:   72-block  6
call   10 never executed
    $$$$$:   72-block  7
call   11 never executed
        -:   73:    }
        -:   74:    else {
    #####:   75:        return d1.get_teacher().compare(d2.get_teacher());
    %%%%%:   75-block  0
call    0 never executed
call    1 never executed
branch  2 never executed
branch  3 never executed
    %%%%%:   75-block  1
call    4 never executed
branch  5 never executed
branch  6 never executed
    %%%%%:   75-block  2
    %%%%%:   75-block  3
call    7 never executed
call    8 never executed
    $$$$$:   75-block  4
call    9 never executed
    $$$$$:   75-block  5
    $$$$$:   75-block  6
call   10 never executed
        -:   76:    }
        -:   77:}
        -:   78:
function _ZN7Service15sortDisciplinesEPFiRK10DisciplineS2_E called 0 returned 0% blocks executed 0%
    #####:   79:vector <Discipline> Service::sortDisciplines(Sort sortFunction)  {
    #####:   80:    vector<Discipline> result;
    %%%%%:   80-block  0
call    0 never executed
    #####:   81:    vector<Discipline> list = repo.get_all();
call    0 never executed
call    1 never executed
branch  2 never executed
branch  3 never executed
    %%%%%:   81-block  0
call    4 never executed
    $$$$$:   81-block  1
call    5 never executed
    #####:   82:    for (int i = 0; i < list.size(); i++) {
    %%%%%:   82-block  0
    %%%%%:   82-block  1
call    0 never executed
branch  1 never executed
branch  2 never executed
    #####:   83:        result.push_back(Discipline(list.at(i)));
    %%%%%:   83-block  0
call    0 never executed
branch  1 never executed
branch  2 never executed
    %%%%%:   83-block  1
call    3 never executed
branch  4 never executed
branch  5 never executed
    %%%%%:   83-block  2
call    6 never executed
branch  7 never executed
branch  8 never executed
    %%%%%:   83-block  3
call    9 never executed
    $$$$$:   83-block  4
call   10 never executed
    $$$$$:   83-block  5
        -:   84:    }
    #####:   85:    bool sorted = false;
    %%%%%:   85-block  0
    #####:   86:    while (!sorted) {
    %%%%%:   86-block  0
branch  0 never executed
branch  1 never executed
    %%%%%:   86-block  1
    #####:   87:        sorted = true;
    #####:   88:        for (int i = 0; i < result.size() - 1; i++) {
    %%%%%:   88-block  0
    %%%%%:   88-block  1
call    0 never executed
branch  1 never executed
branch  2 never executed
    %%%%%:   88-block  2
    #####:   89:            if (sortFunction(result.at(i), result.at(i + 1)) > 0) {
    %%%%%:   89-block  0
call    0 never executed
branch  1 never executed
branch  2 never executed
    %%%%%:   89-block  1
call    3 never executed
branch  4 never executed
branch  5 never executed
    %%%%%:   89-block  2
call    6 never executed
branch  7 never executed
branch  8 never executed
    %%%%%:   89-block  3
branch  9 never executed
branch 10 never executed
        -:   90://                result.exchange(i, i + 1);
    #####:   91:                sorted = false;
    %%%%%:   91-block  0
        -:   92:            }
        -:   93:        }
        -:   94:    }
    #####:   95:    return result;
    %%%%%:   95-block  0
    %%%%%:   95-block  1
        -:   96:}
        -:   97:
        -:   98:
        -:   99://TESTS
        -:  100:/*
        -:  101:void sort_hours_test() {
        -:  102:    Repo repo;
        -:  103:    Validate val;
        -:  104:    Service srv{ repo, val };
        -:  105:
        -:  106:    srv.add_s("d", 5, "okfrt", "c");
        -:  107:    srv.add_s("a", 3, "b", "b");
        -:  108:    srv.add_s("b", 4, "okfrt", "a");
        -:  109:    srv.add_s("c", 2, "b", "b");
        -:  110:    auto dd = srv.sortDisciplines(sort_hours);
        -:  111:    assert(dd.at(0).get_hours() == 2);
        -:  112:    assert(dd.at(1).get_hours() == 3);
        -:  113:    assert(dd.at(2).get_hours() == 4);
        -:  114:    assert(dd.at(3).get_hours() == 5);
        -:  115:}
        -:  116:
        -:  117:void sort_name_test() {
        -:  118:    Repo repo;
        -:  119:    Validate val;
        -:  120:    Service srv{ repo, val };
        -:  121:
        -:  122:    srv.add_s("d", 2, "okfrt", "c");
        -:  123:    srv.add_s("a", 3, "b", "b");
        -:  124:    srv.add_s("b", 4, "okfrt", "a");
        -:  125:    srv.add_s("c", 2, "b", "b");
        -:  126:    auto dd = srv.sortDisciplines(sort_name);
        -:  127:
        -:  128:    assert(dd.at(0).get_name() == "a");
        -:  129:    assert(dd.at(1).get_name() == "b");
        -:  130:    assert(dd.at(2).get_name() == "c");
        -:  131:    assert(dd.at(3).get_name() == "d");
        -:  132:}
        -:  133:
        -:  134:void sort_type_teacher_test() {
        -:  135:    Repo repo;
        -:  136:    Validate val;
        -:  137:    Service srv{ repo, val };
        -:  138:
        -:  139:    srv.add_s("d", 2, "da", "da");
        -:  140:    srv.add_s("a", 3, "cb", "cb");
        -:  141:    srv.add_s("b", 4, "ca", "ca");
        -:  142:    srv.add_s("c", 2, "ad", "ad");
        -:  143:    auto dd = srv.sortDisciplines(sort_teacher_type);
        -:  144:    assert(dd.at(0).get_name() == "c");
        -:  145:    assert(dd.at(3).get_name() == "d");
        -:  146:
        -:  147:}
        -:  148:*/
function _Z10add_s_testv called 1 returned 100% blocks executed 57%
        1:  149:void add_s_test() {
        2:  150:    Repo repo;
        1:  150-block  0
call    0 returned 1
        1:  150-block  1
call    1 returned 1
    $$$$$:  150-block  2
call    2 never executed
        -:  151:    Validate val;
        1:  152:    Service srv{ repo, val};
call    0 returned 1
        -:  153:
        1:  154:    srv.add_s("a", 2, "a", "a");
call    0 returned 1
call    1 returned 1
branch  2 taken 1 (fallthrough)
branch  3 taken 0 (throw)
        1:  154-block  0
call    4 returned 1
call    5 returned 1
branch  6 taken 1 (fallthrough)
branch  7 taken 0 (throw)
        1:  154-block  1
call    8 returned 1
call    9 returned 1
branch 10 taken 1 (fallthrough)
branch 11 taken 0 (throw)
        1:  154-block  2
call   12 returned 1
branch 13 taken 1 (fallthrough)
branch 14 taken 0 (throw)
        1:  154-block  3
call   15 returned 1
call   16 returned 1
call   17 returned 1
call   18 returned 1
call   19 returned 1
call   20 returned 1
    $$$$$:  154-block  4
call   21 never executed
    $$$$$:  154-block  5
    $$$$$:  154-block  6
call   22 never executed
    $$$$$:  154-block  7
    $$$$$:  154-block  8
call   23 never executed
    $$$$$:  154-block  9
    $$$$$:  154-block 10
call   24 never executed
    $$$$$:  154-block 11
    $$$$$:  154-block 12
call   25 never executed
    $$$$$:  154-block 13
    $$$$$:  154-block 14
call   26 never executed
    $$$$$:  154-block 15
       1*:  155:    assert(srv.get_all().size() == 1);
call    0 returned 1
call    1 returned 1
branch  2 taken 0 (fallthrough)
branch  3 taken 1
    %%%%%:  155-block  0
call    4 never executed
       1*:  156:    assert(srv.find_s("a").get_hours() == 2);
        1:  156-block  0
call    0 returned 1
call    1 returned 1
branch  2 taken 1 (fallthrough)
branch  3 taken 0 (throw)
        1:  156-block  1
call    4 returned 1
branch  5 taken 1 (fallthrough)
branch  6 taken 0 (throw)
        1:  156-block  2
call    7 returned 1
branch  8 taken 0 (fallthrough)
branch  9 taken 1
    %%%%%:  156-block  3
call   10 never executed
        1:  156-block  4
call   11 returned 1
call   12 returned 1
    $$$$$:  156-block  5
call   13 never executed
    $$$$$:  156-block  6
    $$$$$:  156-block  7
call   14 never executed
    $$$$$:  156-block  8
        1:  157:    srv.add_s("b", 2, "b", "b");
call    0 returned 1
call    1 returned 1
branch  2 taken 1 (fallthrough)
branch  3 taken 0 (throw)
        1:  157-block  0
call    4 returned 1
call    5 returned 1
branch  6 taken 1 (fallthrough)
branch  7 taken 0 (throw)
        1:  157-block  1
call    8 returned 1
call    9 returned 1
branch 10 taken 1 (fallthrough)
branch 11 taken 0 (throw)
        1:  157-block  2
call   12 returned 1
branch 13 taken 1 (fallthrough)
branch 14 taken 0 (throw)
        1:  157-block  3
call   15 returned 1
call   16 returned 1
call   17 returned 1
call   18 returned 1
call   19 returned 1
call   20 returned 1
    $$$$$:  157-block  4
call   21 never executed
    $$$$$:  157-block  5
    $$$$$:  157-block  6
call   22 never executed
    $$$$$:  157-block  7
    $$$$$:  157-block  8
call   23 never executed
    $$$$$:  157-block  9
    $$$$$:  157-block 10
call   24 never executed
    $$$$$:  157-block 11
    $$$$$:  157-block 12
call   25 never executed
    $$$$$:  157-block 13
    $$$$$:  157-block 14
call   26 never executed
    $$$$$:  157-block 15
       1*:  158:    assert(srv.get_all().size() == 2);
call    0 returned 1
call    1 returned 1
branch  2 taken 0 (fallthrough)
branch  3 taken 1
    %%%%%:  158-block  0
call    4 never executed
        -:  159:    try {
       7*:  160:        srv.add_s("", -2, "", "");
        1:  160-block  0
call    0 returned 1
call    1 returned 1
branch  2 taken 1 (fallthrough)
branch  3 taken 0 (throw)
        1:  160-block  1
call    4 returned 1
call    5 returned 1
branch  6 taken 1 (fallthrough)
branch  7 taken 0 (throw)
        1:  160-block  2
call    8 returned 1
call    9 returned 1
branch 10 taken 1 (fallthrough)
branch 11 taken 0 (throw)
        1:  160-block  3
call   12 returned 1
branch 13 taken 0 (fallthrough)
branch 14 taken 1 (throw)
    %%%%%:  160-block  4
call   15 never executed
call   16 never executed
call   17 never executed
call   18 never executed
call   19 never executed
call   20 never executed
        1:  160-block  5
call   21 returned 1
        1:  160-block  6
        1:  160-block  7
call   22 returned 1
        1:  160-block  8
        1:  160-block  9
call   23 returned 1
        1:  160-block 10
        1:  160-block 11
call   24 returned 1
        1:  160-block 12
        1:  160-block 13
call   25 returned 1
        1:  160-block 14
        1:  160-block 15
call   26 returned 1
        1:  160-block 16
    #####:  161:        assert(false);
call    0 never executed
        -:  162:    }
        2:  163:    catch (const ValidateException& e) {
        1:  163-block  0
call    0 returned 1
call    1 returned 1
branch  2 taken 1 (fallthrough)
branch  3 taken 0 (throw)
    $$$$$:  163-block  1
call    4 never executed
        1:  164:        stringstream os;
call    0 returned 1
branch  1 taken 1 (fallthrough)
branch  2 taken 0 (throw)
    $$$$$:  164-block  0
call    3 never executed
        1:  165:        os << e;
        1:  165-block  0
call    0 returned 1
branch  1 taken 1 (fallthrough)
branch  2 taken 0 (throw)
        1:  166:        assert(os.str().find("exista") >= 0);
        1:  166-block  0
call    0 returned 1
branch  1 taken 1 (fallthrough)
branch  2 taken 0 (throw)
        1:  166-block  1
call    3 returned 1
call    4 returned 1
call    5 returned 1
        -:  167:    }
        1:  168:}
        -:  169:
function _Z10dlt_s_testv called 1 returned 100% blocks executed 47%
        1:  170:void dlt_s_test() {
        2:  171:    Repo repo;
        1:  171-block  0
call    0 returned 1
        1:  171-block  1
call    1 returned 1
    $$$$$:  171-block  2
call    2 never executed
        -:  172:    Validate val;
        1:  173:    Service srv{ repo, val };
call    0 returned 1
        -:  174:
        1:  175:    srv.add_s("a", 2, "a", "a");
call    0 returned 1
call    1 returned 1
branch  2 taken 1 (fallthrough)
branch  3 taken 0 (throw)
        1:  175-block  0
call    4 returned 1
call    5 returned 1
branch  6 taken 1 (fallthrough)
branch  7 taken 0 (throw)
        1:  175-block  1
call    8 returned 1
call    9 returned 1
branch 10 taken 1 (fallthrough)
branch 11 taken 0 (throw)
        1:  175-block  2
call   12 returned 1
branch 13 taken 1 (fallthrough)
branch 14 taken 0 (throw)
        1:  175-block  3
call   15 returned 1
call   16 returned 1
call   17 returned 1
call   18 returned 1
call   19 returned 1
call   20 returned 1
    $$$$$:  175-block  4
call   21 never executed
    $$$$$:  175-block  5
    $$$$$:  175-block  6
call   22 never executed
    $$$$$:  175-block  7
    $$$$$:  175-block  8
call   23 never executed
    $$$$$:  175-block  9
    $$$$$:  175-block 10
call   24 never executed
    $$$$$:  175-block 11
    $$$$$:  175-block 12
call   25 never executed
    $$$$$:  175-block 13
    $$$$$:  175-block 14
call   26 never executed
    $$$$$:  175-block 15
        1:  176:    srv.add_s("b", 2, "b", "b");
call    0 returned 1
call    1 returned 1
branch  2 taken 1 (fallthrough)
branch  3 taken 0 (throw)
        1:  176-block  0
call    4 returned 1
call    5 returned 1
branch  6 taken 1 (fallthrough)
branch  7 taken 0 (throw)
        1:  176-block  1
call    8 returned 1
call    9 returned 1
branch 10 taken 1 (fallthrough)
branch 11 taken 0 (throw)
        1:  176-block  2
call   12 returned 1
branch 13 taken 1 (fallthrough)
branch 14 taken 0 (throw)
        1:  176-block  3
call   15 returned 1
call   16 returned 1
call   17 returned 1
call   18 returned 1
call   19 returned 1
call   20 returned 1
    $$$$$:  176-block  4
call   21 never executed
    $$$$$:  176-block  5
    $$$$$:  176-block  6
call   22 never executed
    $$$$$:  176-block  7
    $$$$$:  176-block  8
call   23 never executed
    $$$$$:  176-block  9
    $$$$$:  176-block 10
call   24 never executed
    $$$$$:  176-block 11
    $$$$$:  176-block 12
call   25 never executed
    $$$$$:  176-block 13
    $$$$$:  176-block 14
call   26 never executed
    $$$$$:  176-block 15
        1:  177:    srv.dlt_s("a");
call    0 returned 1
call    1 returned 1
branch  2 taken 1 (fallthrough)
branch  3 taken 0 (throw)
        1:  177-block  0
call    4 returned 1
branch  5 taken 1 (fallthrough)
branch  6 taken 0 (throw)
        1:  177-block  1
call    7 returned 1
call    8 returned 1
    $$$$$:  177-block  2
call    9 never executed
    $$$$$:  177-block  3
    $$$$$:  177-block  4
call   10 never executed
    $$$$$:  177-block  5
       1*:  178:    assert(srv.get_all().size() == 1);
call    0 returned 1
call    1 returned 1
branch  2 taken 0 (fallthrough)
branch  3 taken 1
    %%%%%:  178-block  0
call    4 never executed
        1:  179:    srv.dlt_s("b");
        1:  179-block  0
call    0 returned 1
call    1 returned 1
branch  2 taken 1 (fallthrough)
branch  3 taken 0 (throw)
        1:  179-block  1
call    4 returned 1
branch  5 taken 1 (fallthrough)
branch  6 taken 0 (throw)
        1:  179-block  2
call    7 returned 1
call    8 returned 1
    $$$$$:  179-block  3
call    9 never executed
    $$$$$:  179-block  4
    $$$$$:  179-block  5
call   10 never executed
    $$$$$:  179-block  6
       1*:  180:    assert(srv.get_all().size() == 0);
call    0 returned 1
call    1 returned 1
branch  2 taken 0 (fallthrough)
branch  3 taken 1
    %%%%%:  180-block  0
call    4 never executed
        1:  181:}
        -:  182:
function _Z11find_s_testv called 1 returned 100% blocks executed 49%
        1:  183:void find_s_test() {
        1:  184:    Repo repo;
        1:  184-block  0
call    0 returned 1
    $$$$$:  184-block  1
call    1 never executed
        -:  185:    Validate val;
        1:  186:    Service srv{ repo, val };
call    0 returned 1
        -:  187:
        1:  188:    srv.add_s("a", 2, "okfrt", "c");
call    0 returned 1
call    1 returned 1
branch  2 taken 1 (fallthrough)
branch  3 taken 0 (throw)
        1:  188-block  0
call    4 returned 1
call    5 returned 1
branch  6 taken 1 (fallthrough)
branch  7 taken 0 (throw)
        1:  188-block  1
call    8 returned 1
call    9 returned 1
branch 10 taken 1 (fallthrough)
branch 11 taken 0 (throw)
        1:  188-block  2
call   12 returned 1
branch 13 taken 1 (fallthrough)
branch 14 taken 0 (throw)
        1:  188-block  3
call   15 returned 1
call   16 returned 1
call   17 returned 1
call   18 returned 1
call   19 returned 1
call   20 returned 1
    $$$$$:  188-block  4
call   21 never executed
    $$$$$:  188-block  5
    $$$$$:  188-block  6
call   22 never executed
    $$$$$:  188-block  7
    $$$$$:  188-block  8
call   23 never executed
    $$$$$:  188-block  9
    $$$$$:  188-block 10
call   24 never executed
    $$$$$:  188-block 11
    $$$$$:  188-block 12
call   25 never executed
    $$$$$:  188-block 13
    $$$$$:  188-block 14
call   26 never executed
    $$$$$:  188-block 15
        1:  189:    srv.add_s("b", 2, "b", "b");
call    0 returned 1
call    1 returned 1
branch  2 taken 1 (fallthrough)
branch  3 taken 0 (throw)
        1:  189-block  0
call    4 returned 1
call    5 returned 1
branch  6 taken 1 (fallthrough)
branch  7 taken 0 (throw)
        1:  189-block  1
call    8 returned 1
call    9 returned 1
branch 10 taken 1 (fallthrough)
branch 11 taken 0 (throw)
        1:  189-block  2
call   12 returned 1
branch 13 taken 1 (fallthrough)
branch 14 taken 0 (throw)
        1:  189-block  3
call   15 returned 1
call   16 returned 1
call   17 returned 1
call   18 returned 1
call   19 returned 1
call   20 returned 1
    $$$$$:  189-block  4
call   21 never executed
    $$$$$:  189-block  5
    $$$$$:  189-block  6
call   22 never executed
    $$$$$:  189-block  7
    $$$$$:  189-block  8
call   23 never executed
    $$$$$:  189-block  9
    $$$$$:  189-block 10
call   24 never executed
    $$$$$:  189-block 11
    $$$$$:  189-block 12
call   25 never executed
    $$$$$:  189-block 13
    $$$$$:  189-block 14
call   26 never executed
    $$$$$:  189-block 15
       1*:  190:    assert(srv.find_s("a").get_hours() == 2);
call    0 returned 1
call    1 returned 1
branch  2 taken 1 (fallthrough)
branch  3 taken 0 (throw)
        1:  190-block  0
call    4 returned 1
branch  5 taken 1 (fallthrough)
branch  6 taken 0 (throw)
        1:  190-block  1
call    7 returned 1
branch  8 taken 0 (fallthrough)
branch  9 taken 1
    %%%%%:  190-block  2
call   10 never executed
        1:  190-block  3
call   11 returned 1
call   12 returned 1
    $$$$$:  190-block  4
call   13 never executed
    $$$$$:  190-block  5
    $$$$$:  190-block  6
call   14 never executed
    $$$$$:  190-block  7
       1*:  191:    assert(srv.find_s("a").get_teacher() == "c");
call    0 returned 1
call    1 returned 1
branch  2 taken 1 (fallthrough)
branch  3 taken 0 (throw)
        1:  191-block  0
call    4 returned 1
branch  5 taken 1 (fallthrough)
branch  6 taken 0 (throw)
        1:  191-block  1
call    7 returned 1
branch  8 taken 1 (fallthrough)
branch  9 taken 0 (throw)
        1:  191-block  2
call   10 returned 1
branch 11 taken 0 (fallthrough)
branch 12 taken 1
    %%%%%:  191-block  3
call   13 never executed
        1:  191-block  4
call   14 returned 1
call   15 returned 1
call   16 returned 1
    $$$$$:  191-block  5
call   17 never executed
    $$$$$:  191-block  6
    $$$$$:  191-block  7
call   18 never executed
    $$$$$:  191-block  8
       1*:  192:    assert(srv.find_s("a").get_type() == "okfrt");
call    0 returned 1
call    1 returned 1
branch  2 taken 1 (fallthrough)
branch  3 taken 0 (throw)
        1:  192-block  0
call    4 returned 1
branch  5 taken 1 (fallthrough)
branch  6 taken 0 (throw)
        1:  192-block  1
call    7 returned 1
branch  8 taken 1 (fallthrough)
branch  9 taken 0 (throw)
        1:  192-block  2
call   10 returned 1
branch 11 taken 0 (fallthrough)
branch 12 taken 1
    %%%%%:  192-block  3
call   13 never executed
        1:  192-block  4
call   14 returned 1
call   15 returned 1
call   16 returned 1
call   17 returned 1
    $$$$$:  192-block  5
call   18 never executed
    $$$$$:  192-block  6
    $$$$$:  192-block  7
call   19 never executed
    $$$$$:  192-block  8
        1:  193:}
        -:  194:
function _Z13modify_s_testv called 1 returned 100% blocks executed 47%
        1:  195:void modify_s_test() {
        2:  196:    Repo repo;
        1:  196-block  0
call    0 returned 1
call    1 returned 1
    $$$$$:  196-block  1
call    2 never executed
        -:  197:    Validate val;
        1:  198:    Service srv{ repo, val };
call    0 returned 1
        -:  199:
        1:  200:    srv.add_s("a", 2, "a", "a");
call    0 returned 1
call    1 returned 1
branch  2 taken 1 (fallthrough)
branch  3 taken 0 (throw)
        1:  200-block  0
call    4 returned 1
call    5 returned 1
branch  6 taken 1 (fallthrough)
branch  7 taken 0 (throw)
        1:  200-block  1
call    8 returned 1
call    9 returned 1
branch 10 taken 1 (fallthrough)
branch 11 taken 0 (throw)
        1:  200-block  2
call   12 returned 1
branch 13 taken 1 (fallthrough)
branch 14 taken 0 (throw)
        1:  200-block  3
call   15 returned 1
call   16 returned 1
call   17 returned 1
call   18 returned 1
call   19 returned 1
call   20 returned 1
    $$$$$:  200-block  4
call   21 never executed
    $$$$$:  200-block  5
    $$$$$:  200-block  6
call   22 never executed
    $$$$$:  200-block  7
    $$$$$:  200-block  8
call   23 never executed
    $$$$$:  200-block  9
    $$$$$:  200-block 10
call   24 never executed
    $$$$$:  200-block 11
    $$$$$:  200-block 12
call   25 never executed
    $$$$$:  200-block 13
    $$$$$:  200-block 14
call   26 never executed
    $$$$$:  200-block 15
        1:  201:    srv.add_s("b", 3, "b", "b");
call    0 returned 1
call    1 returned 1
branch  2 taken 1 (fallthrough)
branch  3 taken 0 (throw)
        1:  201-block  0
call    4 returned 1
call    5 returned 1
branch  6 taken 1 (fallthrough)
branch  7 taken 0 (throw)
        1:  201-block  1
call    8 returned 1
call    9 returned 1
branch 10 taken 1 (fallthrough)
branch 11 taken 0 (throw)
        1:  201-block  2
call   12 returned 1
branch 13 taken 1 (fallthrough)
branch 14 taken 0 (throw)
        1:  201-block  3
call   15 returned 1
call   16 returned 1
call   17 returned 1
call   18 returned 1
call   19 returned 1
call   20 returned 1
    $$$$$:  201-block  4
call   21 never executed
    $$$$$:  201-block  5
    $$$$$:  201-block  6
call   22 never executed
    $$$$$:  201-block  7
    $$$$$:  201-block  8
call   23 never executed
    $$$$$:  201-block  9
    $$$$$:  201-block 10
call   24 never executed
    $$$$$:  201-block 11
    $$$$$:  201-block 12
call   25 never executed
    $$$$$:  201-block 13
    $$$$$:  201-block 14
call   26 never executed
    $$$$$:  201-block 15
        3:  202:    Discipline d{ "c", 4, "c", "ac" };
call    0 returned 1
call    1 returned 1
branch  2 taken 1 (fallthrough)
branch  3 taken 0 (throw)
        1:  202-block  0
call    4 returned 1
call    5 returned 1
branch  6 taken 1 (fallthrough)
branch  7 taken 0 (throw)
        1:  202-block  1
call    8 returned 1
call    9 returned 1
branch 10 taken 1 (fallthrough)
branch 11 taken 0 (throw)
        1:  202-block  2
call   12 returned 1
call   13 returned 1
call   14 returned 1
call   15 returned 1
call   16 returned 1
call   17 returned 1
        1:  202-block  3
call   18 returned 1
    $$$$$:  202-block  4
    $$$$$:  202-block  5
    $$$$$:  202-block  6
    $$$$$:  202-block  7
    $$$$$:  202-block  8
    $$$$$:  202-block  9
call   19 never executed
        1:  203:    srv.modify_s(d, "a");
call    0 returned 1
call    1 returned 1
branch  2 taken 1 (fallthrough)
branch  3 taken 0 (throw)
        1:  203-block  0
call    4 returned 1
branch  5 taken 1 (fallthrough)
branch  6 taken 0 (throw)
        1:  203-block  1
call    7 returned 1
call    8 returned 1
    $$$$$:  203-block  2
call    9 never executed
    $$$$$:  203-block  3
    $$$$$:  203-block  4
call   10 never executed
    $$$$$:  203-block  5
       1*:  204:    assert(srv.get_all().at(0).get_hours() == 4);
call    0 returned 1
call    1 returned 1
branch  2 taken 1 (fallthrough)
branch  3 taken 0 (throw)
        1:  204-block  0
call    4 returned 1
branch  5 taken 0 (fallthrough)
branch  6 taken 1
    %%%%%:  204-block  1
call    7 never executed
        1:  205:}
        -:  206:
function _Z17filter_hours_testv called 1 returned 100% blocks executed 45%
        1:  207:void filter_hours_test() {
        2:  208:    Repo repo;
        1:  208-block  0
call    0 returned 1
call    1 returned 1
    $$$$$:  208-block  1
call    2 never executed
        -:  209:    Validate val;
        1:  210:    Service srv{ repo, val };
call    0 returned 1
        -:  211:
        1:  212:    srv.add_s("a", 2, "okfrt", "c");
call    0 returned 1
call    1 returned 1
branch  2 taken 1 (fallthrough)
branch  3 taken 0 (throw)
        1:  212-block  0
call    4 returned 1
call    5 returned 1
branch  6 taken 1 (fallthrough)
branch  7 taken 0 (throw)
        1:  212-block  1
call    8 returned 1
call    9 returned 1
branch 10 taken 1 (fallthrough)
branch 11 taken 0 (throw)
        1:  212-block  2
call   12 returned 1
branch 13 taken 1 (fallthrough)
branch 14 taken 0 (throw)
        1:  212-block  3
call   15 returned 1
call   16 returned 1
call   17 returned 1
call   18 returned 1
call   19 returned 1
call   20 returned 1
    $$$$$:  212-block  4
call   21 never executed
    $$$$$:  212-block  5
    $$$$$:  212-block  6
call   22 never executed
    $$$$$:  212-block  7
    $$$$$:  212-block  8
call   23 never executed
    $$$$$:  212-block  9
    $$$$$:  212-block 10
call   24 never executed
    $$$$$:  212-block 11
    $$$$$:  212-block 12
call   25 never executed
    $$$$$:  212-block 13
    $$$$$:  212-block 14
call   26 never executed
    $$$$$:  212-block 15
        1:  213:    srv.add_s("b", 3, "b", "b");
call    0 returned 1
call    1 returned 1
branch  2 taken 1 (fallthrough)
branch  3 taken 0 (throw)
        1:  213-block  0
call    4 returned 1
call    5 returned 1
branch  6 taken 1 (fallthrough)
branch  7 taken 0 (throw)
        1:  213-block  1
call    8 returned 1
call    9 returned 1
branch 10 taken 1 (fallthrough)
branch 11 taken 0 (throw)
        1:  213-block  2
call   12 returned 1
branch 13 taken 1 (fallthrough)
branch 14 taken 0 (throw)
        1:  213-block  3
call   15 returned 1
call   16 returned 1
call   17 returned 1
call   18 returned 1
call   19 returned 1
call   20 returned 1
    $$$$$:  213-block  4
call   21 never executed
    $$$$$:  213-block  5
    $$$$$:  213-block  6
call   22 never executed
    $$$$$:  213-block  7
    $$$$$:  213-block  8
call   23 never executed
    $$$$$:  213-block  9
    $$$$$:  213-block 10
call   24 never executed
    $$$$$:  213-block 11
    $$$$$:  213-block 12
call   25 never executed
    $$$$$:  213-block 13
    $$$$$:  213-block 14
call   26 never executed
    $$$$$:  213-block 15
        1:  214:    srv.add_s("c", 4, "okfrt", "c");
call    0 returned 1
call    1 returned 1
branch  2 taken 1 (fallthrough)
branch  3 taken 0 (throw)
        1:  214-block  0
call    4 returned 1
call    5 returned 1
branch  6 taken 1 (fallthrough)
branch  7 taken 0 (throw)
        1:  214-block  1
call    8 returned 1
call    9 returned 1
branch 10 taken 1 (fallthrough)
branch 11 taken 0 (throw)
        1:  214-block  2
call   12 returned 1
branch 13 taken 1 (fallthrough)
branch 14 taken 0 (throw)
        1:  214-block  3
call   15 returned 1
call   16 returned 1
call   17 returned 1
call   18 returned 1
call   19 returned 1
call   20 returned 1
    $$$$$:  214-block  4
call   21 never executed
    $$$$$:  214-block  5
    $$$$$:  214-block  6
call   22 never executed
    $$$$$:  214-block  7
    $$$$$:  214-block  8
call   23 never executed
    $$$$$:  214-block  9
    $$$$$:  214-block 10
call   24 never executed
    $$$$$:  214-block 11
    $$$$$:  214-block 12
call   25 never executed
    $$$$$:  214-block 13
    $$$$$:  214-block 14
call   26 never executed
    $$$$$:  214-block 15
        1:  215:    srv.add_s("d", 2, "b", "b");
call    0 returned 1
call    1 returned 1
branch  2 taken 1 (fallthrough)
branch  3 taken 0 (throw)
        1:  215-block  0
call    4 returned 1
call    5 returned 1
branch  6 taken 1 (fallthrough)
branch  7 taken 0 (throw)
        1:  215-block  1
call    8 returned 1
call    9 returned 1
branch 10 taken 1 (fallthrough)
branch 11 taken 0 (throw)
        1:  215-block  2
call   12 returned 1
branch 13 taken 1 (fallthrough)
branch 14 taken 0 (throw)
        1:  215-block  3
call   15 returned 1
call   16 returned 1
call   17 returned 1
call   18 returned 1
call   19 returned 1
call   20 returned 1
    $$$$$:  215-block  4
call   21 never executed
    $$$$$:  215-block  5
    $$$$$:  215-block  6
call   22 never executed
    $$$$$:  215-block  7
    $$$$$:  215-block  8
call   23 never executed
    $$$$$:  215-block  9
    $$$$$:  215-block 10
call   24 never executed
    $$$$$:  215-block 11
    $$$$$:  215-block 12
call   25 never executed
    $$$$$:  215-block 13
    $$$$$:  215-block 14
call   26 never executed
    $$$$$:  215-block 15
        2:  216:    const vector<Discipline> &dd = srv.filter_hours(2);
call    0 returned 1
branch  1 taken 1 (fallthrough)
branch  2 taken 0 (throw)
        1:  216-block  0
call    3 returned 1
    $$$$$:  216-block  1
       1*:  217:    assert(dd.size() == 2);
        1:  217-block  0
call    0 returned 1
branch  1 taken 0 (fallthrough)
branch  2 taken 1
    %%%%%:  217-block  1
call    3 never executed
        1:  218:}
        -:  219:
function _Z18teacher_hours_testv called 1 returned 100% blocks executed 45%
        1:  220:void teacher_hours_test() {
        2:  221:    Repo repo;
        1:  221-block  0
call    0 returned 1
call    1 returned 1
    $$$$$:  221-block  1
call    2 never executed
        -:  222:    Validate val;
        1:  223:    Service srv{ repo, val };
call    0 returned 1
        -:  224:
        1:  225:    srv.add_s("a", 2, "okfrt", "c");
call    0 returned 1
call    1 returned 1
branch  2 taken 1 (fallthrough)
branch  3 taken 0 (throw)
        1:  225-block  0
call    4 returned 1
call    5 returned 1
branch  6 taken 1 (fallthrough)
branch  7 taken 0 (throw)
        1:  225-block  1
call    8 returned 1
call    9 returned 1
branch 10 taken 1 (fallthrough)
branch 11 taken 0 (throw)
        1:  225-block  2
call   12 returned 1
branch 13 taken 1 (fallthrough)
branch 14 taken 0 (throw)
        1:  225-block  3
call   15 returned 1
call   16 returned 1
call   17 returned 1
call   18 returned 1
call   19 returned 1
call   20 returned 1
    $$$$$:  225-block  4
call   21 never executed
    $$$$$:  225-block  5
    $$$$$:  225-block  6
call   22 never executed
    $$$$$:  225-block  7
    $$$$$:  225-block  8
call   23 never executed
    $$$$$:  225-block  9
    $$$$$:  225-block 10
call   24 never executed
    $$$$$:  225-block 11
    $$$$$:  225-block 12
call   25 never executed
    $$$$$:  225-block 13
    $$$$$:  225-block 14
call   26 never executed
    $$$$$:  225-block 15
        1:  226:    srv.add_s("b", 3, "b", "b");
call    0 returned 1
call    1 returned 1
branch  2 taken 1 (fallthrough)
branch  3 taken 0 (throw)
        1:  226-block  0
call    4 returned 1
call    5 returned 1
branch  6 taken 1 (fallthrough)
branch  7 taken 0 (throw)
        1:  226-block  1
call    8 returned 1
call    9 returned 1
branch 10 taken 1 (fallthrough)
branch 11 taken 0 (throw)
        1:  226-block  2
call   12 returned 1
branch 13 taken 1 (fallthrough)
branch 14 taken 0 (throw)
        1:  226-block  3
call   15 returned 1
call   16 returned 1
call   17 returned 1
call   18 returned 1
call   19 returned 1
call   20 returned 1
    $$$$$:  226-block  4
call   21 never executed
    $$$$$:  226-block  5
    $$$$$:  226-block  6
call   22 never executed
    $$$$$:  226-block  7
    $$$$$:  226-block  8
call   23 never executed
    $$$$$:  226-block  9
    $$$$$:  226-block 10
call   24 never executed
    $$$$$:  226-block 11
    $$$$$:  226-block 12
call   25 never executed
    $$$$$:  226-block 13
    $$$$$:  226-block 14
call   26 never executed
    $$$$$:  226-block 15
        1:  227:    srv.add_s("c", 4, "okfrt", "a");
call    0 returned 1
call    1 returned 1
branch  2 taken 1 (fallthrough)
branch  3 taken 0 (throw)
        1:  227-block  0
call    4 returned 1
call    5 returned 1
branch  6 taken 1 (fallthrough)
branch  7 taken 0 (throw)
        1:  227-block  1
call    8 returned 1
call    9 returned 1
branch 10 taken 1 (fallthrough)
branch 11 taken 0 (throw)
        1:  227-block  2
call   12 returned 1
branch 13 taken 1 (fallthrough)
branch 14 taken 0 (throw)
        1:  227-block  3
call   15 returned 1
call   16 returned 1
call   17 returned 1
call   18 returned 1
call   19 returned 1
call   20 returned 1
    $$$$$:  227-block  4
call   21 never executed
    $$$$$:  227-block  5
    $$$$$:  227-block  6
call   22 never executed
    $$$$$:  227-block  7
    $$$$$:  227-block  8
call   23 never executed
    $$$$$:  227-block  9
    $$$$$:  227-block 10
call   24 never executed
    $$$$$:  227-block 11
    $$$$$:  227-block 12
call   25 never executed
    $$$$$:  227-block 13
    $$$$$:  227-block 14
call   26 never executed
    $$$$$:  227-block 15
        1:  228:    srv.add_s("d", 2, "b", "b");
call    0 returned 1
call    1 returned 1
branch  2 taken 1 (fallthrough)
branch  3 taken 0 (throw)
        1:  228-block  0
call    4 returned 1
call    5 returned 1
branch  6 taken 1 (fallthrough)
branch  7 taken 0 (throw)
        1:  228-block  1
call    8 returned 1
call    9 returned 1
branch 10 taken 1 (fallthrough)
branch 11 taken 0 (throw)
        1:  228-block  2
call   12 returned 1
branch 13 taken 1 (fallthrough)
branch 14 taken 0 (throw)
        1:  228-block  3
call   15 returned 1
call   16 returned 1
call   17 returned 1
call   18 returned 1
call   19 returned 1
call   20 returned 1
    $$$$$:  228-block  4
call   21 never executed
    $$$$$:  228-block  5
    $$$$$:  228-block  6
call   22 never executed
    $$$$$:  228-block  7
    $$$$$:  228-block  8
call   23 never executed
    $$$$$:  228-block  9
    $$$$$:  228-block 10
call   24 never executed
    $$$$$:  228-block 11
    $$$$$:  228-block 12
call   25 never executed
    $$$$$:  228-block 13
    $$$$$:  228-block 14
call   26 never executed
    $$$$$:  228-block 15
        2:  229:    const vector<Discipline>& dd = srv.filter_teacher("c");
call    0 returned 1
call    1 returned 1
branch  2 taken 1 (fallthrough)
branch  3 taken 0 (throw)
        1:  229-block  0
call    4 returned 1
branch  5 taken 1 (fallthrough)
branch  6 taken 0 (throw)
        1:  229-block  1
call    7 returned 1
call    8 returned 1
        1:  229-block  2
call    9 returned 1
    $$$$$:  229-block  3
call   10 never executed
    $$$$$:  229-block  4
    $$$$$:  229-block  5
call   11 never executed
    $$$$$:  229-block  6
       1*:  230:    assert(dd.size() == 1);
call    0 returned 1
branch  1 taken 0 (fallthrough)
branch  2 taken 1
    %%%%%:  230-block  0
call    3 never executed
        1:  231:}
        -:  232:
function _Z13tests_servicev called 1 returned 100% blocks executed 100%
        1:  233:void tests_service()
        -:  234:{
        -:  235://    sort_type_teacher_test();
        -:  236://    sort_hours_test();
        -:  237://    sort_name_test();
        1:  238:    filter_hours_test();
        1:  238-block  0
call    0 returned 1
        1:  239:    teacher_hours_test();
call    0 returned 1
        1:  240:    add_s_test();
call    0 returned 1
        1:  241:    dlt_s_test();
call    0 returned 1
        1:  242:    find_s_test();
call    0 returned 1
        1:  243:    modify_s_test();
call    0 returned 1
        1:  244:}
