        -:    0:Source:/mnt/c/Users/dandu/CLionProjects/StudyContractsApp/domain/Discipline.h
        -:    0:Graph:/mnt/c/Users/dandu/CLionProjects/StudyContractsApp/cmake-build-debug-coverage/CMakeFiles/StudyContractsApp.dir/validate/Validate.cpp.gcno
        -:    0:Data:/mnt/c/Users/dandu/CLionProjects/StudyContractsApp/cmake-build-debug-coverage/CMakeFiles/StudyContractsApp.dir/validate/Validate.cpp.gcda
        -:    0:Runs:1
        -:    1:#pragma once
        -:    2:#include <string>
        -:    3:#include <iostream>
        -:    4:#include <utility>
        -:    5:
        -:    6:using std::string;
        -:    7:using std::cout;
        -:    8:
        -:    9:class Discipline {
        -:   10:private:
        -:   11:    string name;
        -:   12:    int hours{};
        -:   13:    string type;
        -:   14:    string teacher;
        -:   15:public:
        -:   16:    //constructor:
function _ZN10DisciplineC2ENSt7__cxx1112basic_stringIcSt11char_traitsIcESaIcEEEiS5_S5_ called 0 returned 0% blocks executed 0%
    #####:   17:    Discipline(string  name, const int hours, string  type, string  teacher) : name{std::move( name )}, hours{ hours }, type{std::move( type )}, teacher{std::move( teacher )}{}
    %%%%%:   17-block  0
call    0 never executed
call    1 never executed
call    2 never executed
call    3 never executed
call    4 never executed
call    5 never executed
        -:   18:    Discipline() = default;
        -:   19:    //getteri:
function _ZNK10Discipline9get_hoursEv called 0 returned 0% blocks executed 0%
    #####:   20:    int get_hours() const noexcept{
    #####:   21:        return hours;
    %%%%%:   21-block  0
        -:   22:    }
function _ZNK10Discipline8get_nameB5cxx11Ev called 0 returned 0% blocks executed 0%
    #####:   23:    string get_name() const {
    #####:   24:        return name;
    %%%%%:   24-block  0
call    0 never executed
        -:   25:    }
function _ZNK10Discipline8get_typeB5cxx11Ev called 0 returned 0% blocks executed 0%
    #####:   26:    string get_type() const {
    #####:   27:        return type;
    %%%%%:   27-block  0
call    0 never executed
        -:   28:    }
function _ZNK10Discipline11get_teacherB5cxx11Ev called 0 returned 0% blocks executed 0%
    #####:   29:    string get_teacher() const {
    #####:   30:        return teacher;
    %%%%%:   30-block  0
call    0 never executed
        -:   31:    }
        -:   32:};
        -:   33:
        -:   34://name compare: True- <    False- >
        -:   35:bool cmp_name(const Discipline& d1, const Discipline& d2);
        -:   36:
        -:   37:
        -:   38://teacher compare: True- <    False- >
        -:   39:bool cmp_teacher(const Discipline& d1, const Discipline& d2);
        -:   40:
        -:   41:void domain_tests();
